<?xml version="1.0" encoding="UTF-8"?>
<!-- Generated by org.testng.reporters.JUnitReportReporter -->
<testsuite hostname="TQ-G1010333" name="pri.hmj.TestngSpringIntegration.AppTest" tests="1" failures="0" timestamp="13 Aug 2018 14:54:32 GMT" time="26.603" errors="0">
  <testcase name="test" time="26.603" classname="pri.hmj.TestngSpringIntegration.AppTest"/>
</testsuite> <!-- pri.hmj.TestngSpringIntegration.AppTest -->
