<?xml version="1.0" encoding="UTF-8"?>
<!-- Generated by org.testng.reporters.JUnitReportReporter -->
<testsuite hostname="TQ-G1010333" name="pri.hmj.TestngSpringIntegration.AppTest" tests="1" failures="0" timestamp="14 Aug 2018 13:01:03 GMT" time="11.998" errors="0">
  <testcase name="test" time="11.998" classname="pri.hmj.TestngSpringIntegration.AppTest"/>
</testsuite> <!-- pri.hmj.TestngSpringIntegration.AppTest -->
