<?xml version="1.0" encoding="UTF-8"?>
<!-- Generated by org.testng.reporters.JUnitReportReporter -->
<testsuite hostname="TQ-G1010333" name="pri.hmj.TestngSpringIntegration.AppTest" tests="1" failures="0" timestamp="14 Aug 2018 12:30:23 GMT" time="12.460" errors="0">
  <testcase name="test" time="12.460" classname="pri.hmj.TestngSpringIntegration.AppTest"/>
</testsuite> <!-- pri.hmj.TestngSpringIntegration.AppTest -->
